<?xml version="1.0" encoding="UTF-8"?>
<!-- Generated by org.testng.reporters.JUnitReportReporter -->
<testsuite hostname="DESKTOP-08O6EE9" failures="0" tests="1" name="com.testproject.tests.TestCoreFrameWork" time="0.000" errors="0" timestamp="2024-01-20T03:18:49 IST" skipped="1">
  <testcase classname="com.testproject.tests.TestCoreFrameWork" name="testFrameworkChanges" time="0.000">
    <skipped/>
  </testcase> <!-- testFrameworkChanges -->
  <system-out/>
</testsuite> <!-- com.testproject.tests.TestCoreFrameWork -->
